<?xml version="1.0" encoding="UTF-8"?>
<testng-results skipped="0" failed="0" ignored="0" total="7" passed="7">
  <reporter-output>
  </reporter-output>
  <suite name="Suite" duration-ms="30636" started-at="2019-09-18T07:41:06 IST" finished-at="2019-09-18T07:41:37 IST">
    <groups>
    </groups>
    <test name="Login Test" duration-ms="16089" started-at="2019-09-18T07:41:06 IST" finished-at="2019-09-18T07:41:22 IST">
      <class name="com.maveric.mavericconnecttest.LoginTest">
        <test-method status="PASS" signature="setUp(java.lang.String)[pri:0, instance:com.maveric.mavericconnecttest.LoginTest@3f49dace]" name="setUp" is-config="true" duration-ms="4126" started-at="2019-09-18T07:41:06 IST" finished-at="2019-09-18T07:41:10 IST">
          <params>
            <param index="0">
              <value>
                <![CDATA[ch]]>
              </value>
            </param>
          </params>
          <reporter-output>
          </reporter-output>
        </test-method> <!-- setUp -->
        <test-method status="PASS" signature="invalidCredentialTest()[pri:0, instance:com.maveric.mavericconnecttest.LoginTest@3f49dace]" name="invalidCredentialTest" duration-ms="6112" started-at="2019-09-18T07:41:10 IST" finished-at="2019-09-18T07:41:16 IST">
          <reporter-output>
          </reporter-output>
        </test-method> <!-- invalidCredentialTest -->
        <test-method status="PASS" signature="getResult(org.testng.ITestResult)[pri:0, instance:com.maveric.mavericconnecttest.LoginTest@3f49dace]" name="getResult" is-config="true" duration-ms="11" started-at="2019-09-18T07:41:16 IST" finished-at="2019-09-18T07:41:16 IST">
          <params>
            <param index="0">
              <value>
                <![CDATA[[TestResult name=invalidCredentialTest status=SUCCESS method=LoginTest.invalidCredentialTest()[pri:0, instance:com.maveric.mavericconnecttest.LoginTest@3f49dace] output={null}]]]>
              </value>
            </param>
          </params>
          <reporter-output>
          </reporter-output>
        </test-method> <!-- getResult -->
        <test-method status="PASS" signature="validCredentialTest()[pri:0, instance:com.maveric.mavericconnecttest.LoginTest@3f49dace]" name="validCredentialTest" duration-ms="5013" started-at="2019-09-18T07:41:16 IST" finished-at="2019-09-18T07:41:21 IST">
          <reporter-output>
          </reporter-output>
        </test-method> <!-- validCredentialTest -->
        <test-method status="PASS" signature="getResult(org.testng.ITestResult)[pri:0, instance:com.maveric.mavericconnecttest.LoginTest@3f49dace]" name="getResult" is-config="true" duration-ms="1" started-at="2019-09-18T07:41:21 IST" finished-at="2019-09-18T07:41:21 IST">
          <params>
            <param index="0">
              <value>
                <![CDATA[[TestResult name=validCredentialTest status=SUCCESS method=LoginTest.validCredentialTest()[pri:0, instance:com.maveric.mavericconnecttest.LoginTest@3f49dace] output={null}]]]>
              </value>
            </param>
          </params>
          <reporter-output>
          </reporter-output>
        </test-method> <!-- getResult -->
        <test-method status="PASS" signature="browserQuit()[pri:0, instance:com.maveric.mavericconnecttest.LoginTest@3f49dace]" name="browserQuit" is-config="true" duration-ms="802" started-at="2019-09-18T07:41:21 IST" finished-at="2019-09-18T07:41:22 IST">
          <reporter-output>
          </reporter-output>
        </test-method> <!-- browserQuit -->
      </class> <!-- com.maveric.mavericconnecttest.LoginTest -->
    </test> <!-- Login Test -->
    <test name="Login Test ff" duration-ms="27888" started-at="2019-09-18T07:41:06 IST" finished-at="2019-09-18T07:41:34 IST">
      <class name="com.maveric.mavericconnecttest.LoginTest">
        <test-method status="PASS" signature="reportSetUp(java.lang.String)[pri:0, instance:com.maveric.mavericconnecttest.LoginTest@3327bd23]" name="reportSetUp" is-config="true" duration-ms="125" started-at="2019-09-18T07:41:06 IST" finished-at="2019-09-18T07:41:06 IST">
          <params>
            <param index="0">
              <value>
                <![CDATA[ch]]>
              </value>
            </param>
          </params>
          <reporter-output>
          </reporter-output>
        </test-method> <!-- reportSetUp -->
        <test-method status="PASS" signature="setUp(java.lang.String)[pri:0, instance:com.maveric.mavericconnecttest.LoginTest@3327bd23]" name="setUp" is-config="true" duration-ms="15808" started-at="2019-09-18T07:41:06 IST" finished-at="2019-09-18T07:41:22 IST">
          <params>
            <param index="0">
              <value>
                <![CDATA[ff]]>
              </value>
            </param>
          </params>
          <reporter-output>
          </reporter-output>
        </test-method> <!-- setUp -->
        <test-method status="PASS" signature="invalidCredentialTest()[pri:0, instance:com.maveric.mavericconnecttest.LoginTest@3327bd23]" name="invalidCredentialTest" duration-ms="1443" started-at="2019-09-18T07:41:22 IST" finished-at="2019-09-18T07:41:23 IST">
          <reporter-output>
          </reporter-output>
        </test-method> <!-- invalidCredentialTest -->
        <test-method status="PASS" signature="getResult(org.testng.ITestResult)[pri:0, instance:com.maveric.mavericconnecttest.LoginTest@3327bd23]" name="getResult" is-config="true" duration-ms="1" started-at="2019-09-18T07:41:23 IST" finished-at="2019-09-18T07:41:23 IST">
          <params>
            <param index="0">
              <value>
                <![CDATA[[TestResult name=invalidCredentialTest status=SUCCESS method=LoginTest.invalidCredentialTest()[pri:0, instance:com.maveric.mavericconnecttest.LoginTest@3327bd23] output={null}]]]>
              </value>
            </param>
          </params>
          <reporter-output>
          </reporter-output>
        </test-method> <!-- getResult -->
        <test-method status="PASS" signature="validCredentialTest()[pri:0, instance:com.maveric.mavericconnecttest.LoginTest@3327bd23]" name="validCredentialTest" duration-ms="2785" started-at="2019-09-18T07:41:23 IST" finished-at="2019-09-18T07:41:26 IST">
          <reporter-output>
          </reporter-output>
        </test-method> <!-- validCredentialTest -->
        <test-method status="PASS" signature="getResult(org.testng.ITestResult)[pri:0, instance:com.maveric.mavericconnecttest.LoginTest@3327bd23]" name="getResult" is-config="true" duration-ms="0" started-at="2019-09-18T07:41:26 IST" finished-at="2019-09-18T07:41:26 IST">
          <params>
            <param index="0">
              <value>
                <![CDATA[[TestResult name=validCredentialTest status=SUCCESS method=LoginTest.validCredentialTest()[pri:0, instance:com.maveric.mavericconnecttest.LoginTest@3327bd23] output={null}]]]>
              </value>
            </param>
          </params>
          <reporter-output>
          </reporter-output>
        </test-method> <!-- getResult -->
        <test-method status="PASS" signature="browserQuit()[pri:0, instance:com.maveric.mavericconnecttest.LoginTest@3327bd23]" name="browserQuit" is-config="true" duration-ms="7849" started-at="2019-09-18T07:41:26 IST" finished-at="2019-09-18T07:41:34 IST">
          <reporter-output>
          </reporter-output>
        </test-method> <!-- browserQuit -->
        <test-method status="PASS" signature="tearDown()[pri:0, instance:com.maveric.mavericconnecttest.LoginTest@3327bd23]" name="tearDown" is-config="true" duration-ms="360" started-at="2019-09-18T07:41:37 IST" finished-at="2019-09-18T07:41:37 IST">
          <reporter-output>
          </reporter-output>
        </test-method> <!-- tearDown -->
      </class> <!-- com.maveric.mavericconnecttest.LoginTest -->
    </test> <!-- Login Test ff -->
    <test name="Add Time Test" duration-ms="28141" started-at="2019-09-18T07:41:06 IST" finished-at="2019-09-18T07:41:34 IST">
      <class name="com.maveric.mavericconnecttest.AddTimeCartTest">
        <test-method status="PASS" signature="setUp(java.lang.String)[pri:0, instance:com.maveric.mavericconnecttest.AddTimeCartTest@7e0b0338]" name="setUp" is-config="true" duration-ms="17934" started-at="2019-09-18T07:41:06 IST" finished-at="2019-09-18T07:41:24 IST">
          <params>
            <param index="0">
              <value>
                <![CDATA[ff]]>
              </value>
            </param>
          </params>
          <reporter-output>
          </reporter-output>
        </test-method> <!-- setUp -->
        <test-method status="PASS" signature="timeCartTest()[pri:0, instance:com.maveric.mavericconnecttest.AddTimeCartTest@7e0b0338]" name="timeCartTest" duration-ms="3144" started-at="2019-09-18T07:41:24 IST" finished-at="2019-09-18T07:41:27 IST">
          <reporter-output>
          </reporter-output>
        </test-method> <!-- timeCartTest -->
        <test-method status="PASS" signature="getResult(org.testng.ITestResult)[pri:0, instance:com.maveric.mavericconnecttest.AddTimeCartTest@7e0b0338]" name="getResult" is-config="true" duration-ms="0" started-at="2019-09-18T07:41:27 IST" finished-at="2019-09-18T07:41:27 IST">
          <params>
            <param index="0">
              <value>
                <![CDATA[[TestResult name=timeCartTest status=SUCCESS method=AddTimeCartTest.timeCartTest()[pri:0, instance:com.maveric.mavericconnecttest.AddTimeCartTest@7e0b0338] output={null}]]]>
              </value>
            </param>
          </params>
          <reporter-output>
          </reporter-output>
        </test-method> <!-- getResult -->
        <test-method status="PASS" signature="browserQuit()[pri:0, instance:com.maveric.mavericconnecttest.AddTimeCartTest@7e0b0338]" name="browserQuit" is-config="true" duration-ms="7063" started-at="2019-09-18T07:41:27 IST" finished-at="2019-09-18T07:41:34 IST">
          <reporter-output>
          </reporter-output>
        </test-method> <!-- browserQuit -->
      </class> <!-- com.maveric.mavericconnecttest.AddTimeCartTest -->
    </test> <!-- Add Time Test -->
    <test name="Login Test ie" duration-ms="30636" started-at="2019-09-18T07:41:06 IST" finished-at="2019-09-18T07:41:37 IST">
      <class name="com.maveric.mavericconnecttest.LoginTest">
        <test-method status="PASS" signature="setUp(java.lang.String)[pri:0, instance:com.maveric.mavericconnecttest.LoginTest@31dc339b]" name="setUp" is-config="true" duration-ms="8707" started-at="2019-09-18T07:41:06 IST" finished-at="2019-09-18T07:41:15 IST">
          <params>
            <param index="0">
              <value>
                <![CDATA[ie]]>
              </value>
            </param>
          </params>
          <reporter-output>
          </reporter-output>
        </test-method> <!-- setUp -->
        <test-method status="PASS" signature="invalidCredentialTest()[pri:0, instance:com.maveric.mavericconnecttest.LoginTest@31dc339b]" name="invalidCredentialTest" duration-ms="16740" started-at="2019-09-18T07:41:15 IST" finished-at="2019-09-18T07:41:32 IST">
          <reporter-output>
          </reporter-output>
        </test-method> <!-- invalidCredentialTest -->
        <test-method status="PASS" signature="getResult(org.testng.ITestResult)[pri:0, instance:com.maveric.mavericconnecttest.LoginTest@31dc339b]" name="getResult" is-config="true" duration-ms="0" started-at="2019-09-18T07:41:32 IST" finished-at="2019-09-18T07:41:32 IST">
          <params>
            <param index="0">
              <value>
                <![CDATA[[TestResult name=invalidCredentialTest status=SUCCESS method=LoginTest.invalidCredentialTest()[pri:0, instance:com.maveric.mavericconnecttest.LoginTest@31dc339b] output={null}]]]>
              </value>
            </param>
          </params>
          <reporter-output>
          </reporter-output>
        </test-method> <!-- getResult -->
        <test-method status="PASS" signature="validCredentialTest()[pri:0, instance:com.maveric.mavericconnecttest.LoginTest@31dc339b]" name="validCredentialTest" duration-ms="4576" started-at="2019-09-18T07:41:32 IST" finished-at="2019-09-18T07:41:36 IST">
          <reporter-output>
          </reporter-output>
        </test-method> <!-- validCredentialTest -->
        <test-method status="PASS" signature="getResult(org.testng.ITestResult)[pri:0, instance:com.maveric.mavericconnecttest.LoginTest@31dc339b]" name="getResult" is-config="true" duration-ms="0" started-at="2019-09-18T07:41:36 IST" finished-at="2019-09-18T07:41:36 IST">
          <params>
            <param index="0">
              <value>
                <![CDATA[[TestResult name=validCredentialTest status=SUCCESS method=LoginTest.validCredentialTest()[pri:0, instance:com.maveric.mavericconnecttest.LoginTest@31dc339b] output={null}]]]>
              </value>
            </param>
          </params>
          <reporter-output>
          </reporter-output>
        </test-method> <!-- getResult -->
        <test-method status="PASS" signature="browserQuit()[pri:0, instance:com.maveric.mavericconnecttest.LoginTest@31dc339b]" name="browserQuit" is-config="true" duration-ms="611" started-at="2019-09-18T07:41:36 IST" finished-at="2019-09-18T07:41:37 IST">
          <reporter-output>
          </reporter-output>
        </test-method> <!-- browserQuit -->
      </class> <!-- com.maveric.mavericconnecttest.LoginTest -->
    </test> <!-- Login Test ie -->
  </suite> <!-- Suite -->
</testng-results>
